Starting project at C:\Users\festu\Documents\Dev_Projects\zyntra\mobile
Using src/app as the root directory for Expo Router.
React Compiler enabled
Starting Metro Bundler

Waiting on http://localhost:8081

1 package may need updating. Run npx expo install --check for details.
Logs for your project will appear below.
| (node:26324) Warning: The 'NO_COLOR' env is ignored due to the 'FORCE_COLOR' env being set.
| (Use `node --trace-warnings ...` to show where the warning was created)
| (node:26324) Warning: The 'NO_COLOR' env is ignored due to the 'FORCE_COLOR' env being set.
| (Use `node --trace-warnings ...` to show where the warning was created)
| (node:26324) Warning: The 'NO_COLOR' env is ignored due to the 'FORCE_COLOR' env being set.
| (Use `node --trace-warnings ...` to show where the warning was created)
| (node:26324) Warning: The 'NO_COLOR' env is ignored due to the 'FORCE_COLOR' env being set.
| (Use `node --trace-warnings ...` to show where the warning was created)
| (node:26324) Warning: The 'NO_COLOR' env is ignored due to the 'FORCE_COLOR' env being set.
| (Use `node --trace-warnings ...` to show where the warning was created)
| (node:26324) Warning: The 'NO_COLOR' env is ignored due to the 'FORCE_COLOR' env being set.
| (Use `node --trace-warnings ...` to show where the warning was created)
λ Bundled 37079ms node_modules\@expo\router-server\node\render.js (1 module)
λ Bundled 34650ms node_modules\@expo\router-server\node\render.js (1 module)
λ Bundled 27690ms node_modules\@expo\router-server\node\render.js (1 module)
λ Bundled 20686ms node_modules\@expo\router-server\node\render.js (1 module)
λ Bundled 13747ms node_modules\@expo\router-server\node\render.js (1 module)
λ Bundled 6761ms node_modules\@expo\router-server\node\render.js (1 module)
"shadow*" style props are deprecated. Use "boxShadow".
"shadow*" style props are deprecated. Use "boxShadow".
"shadow*" style props are deprecated. Use "boxShadow".
"shadow*" style props are deprecated. Use "boxShadow".
"shadow*" style props are deprecated. Use "boxShadow".
"shadow*" style props are deprecated. Use "boxShadow".
λ Bundled 60ms node_modules\@expo\router-server\node\render.js (1 module)
"shadow*" style props are deprecated. Use "boxShadow".
λ Bundled 59ms node_modules\@expo\router-server\node\render.js (1 module)
"shadow*" style props are deprecated. Use "boxShadow".
Web Bundled 47747ms node_modules\expo-router\entry.js (2 modules)
Web Bundled 44868ms node_modules\expo-router\entry.js (1 module)
Web Bundled 30916ms node_modules\expo-router\entry.js (1 module)
Web Bundled 23960ms node_modules\expo-router\entry.js (1 module)
Web Bundled 16955ms node_modules\expo-router\entry.js (1 module)
Web Bundled 38074ms node_modules\expo-router\entry.js (1 module)
Web Bundled 2772ms node_modules\expo-router\entry.js (1 module)
Web Bundled 4027ms node_modules\expo-router\entry.js (1 module)
λ Bundled 155ms node_modules\@expo\router-server\node\render.js (1 module)
"shadow*" style props are deprecated. Use "boxShadow".
Web Bundled 1105ms node_modules\expo-router\entry.js (1 module)
λ Bundled 166ms node_modules\@expo\router-server\node\render.js (1 module)
"shadow*" style props are deprecated. Use "boxShadow".
Web Bundled 1619ms node_modules\expo-router\entry.js (1 module)
λ Bundled 185ms node_modules\@expo\router-server\node\render.js (1 module)
"shadow*" style props are deprecated. Use "boxShadow".
Web Bundled 1284ms node_modules\expo-router\entry.js (1 module)
λ Bundled 123ms node_modules\@expo\router-server\node\render.js (1 module)
"shadow*" style props are deprecated. Use "boxShadow".
Web Bundled 1187ms node_modules\expo-router\entry.js (1 module)
λ Bundled 119ms node_modules\@expo\router-server\node\render.js (1 module)
"shadow*" style props are deprecated. Use "boxShadow".
Web Bundled 1000ms node_modules\expo-router\entry.js (1 module)
λ Bundled 261ms node_modules\@expo\router-server\node\render.js (1 module)
"shadow*" style props are deprecated. Use "boxShadow".
Web Bundled 1114ms node_modules\expo-router\entry.js (1 module)
λ Bundled 233ms node_modules\@expo\router-server\node\render.js (1 module)
"shadow*" style props are deprecated. Use "boxShadow".
Web Bundled 1084ms node_modules\expo-router\entry.js (1 module)
λ Bundled 112ms node_modules\@expo\router-server\node\render.js (1 module)
"shadow*" style props are deprecated. Use "boxShadow".
Web Bundled 1096ms node_modules\expo-router\entry.js (1 module)
